[debug] [2023-01-04T17:22:07.455Z] ----------------------------------------------------------------------
[debug] [2023-01-04T17:22:07.459Z] Command:       C:\Program Files\nodejs\node.exe C:\Users\prite\AppData\Roaming\npm\node_modules\firebase-tools\lib\bin\firebase.js init
[debug] [2023-01-04T17:22:07.460Z] CLI Version:   10.4.0
[debug] [2023-01-04T17:22:07.460Z] Platform:      win32
[debug] [2023-01-04T17:22:07.460Z] Node Version:  v16.13.2
[debug] [2023-01-04T17:22:07.472Z] Time:          Wed Jan 04 2023 22:52:07 GMT+0530 (India Standard Time)
[debug] [2023-01-04T17:22:07.473Z] ----------------------------------------------------------------------
[debug] 
[debug] [2023-01-04T17:22:07.480Z] >>> [apiv2][query] GET https://firebase-public.firebaseio.com/cli.json [none]
[debug] [2023-01-04T17:22:07.639Z] > command requires scopes: ["email","openid","https://www.googleapis.com/auth/cloudplatformprojects.readonly","https://www.googleapis.com/auth/firebase","https://www.googleapis.com/auth/cloud-platform"]
[debug] [2023-01-04T17:22:07.639Z] > authorizing via signed-in user (abhixxx047@gmail.com)
[info] 
     ######## #### ########  ######## ########     ###     ######  ########
     ##        ##  ##     ## ##       ##     ##  ##   ##  ##       ##
     ######    ##  ########  ######   ########  #########  ######  ######
     ##        ##  ##    ##  ##       ##     ## ##     ##       ## ##
     ##       #### ##     ## ######## ########  ##     ##  ######  ########

You're about to initialize a Firebase project in this directory:

  D:\project\taskeasy-production\taskeasy

Before we get started, keep in mind:

  * You are initializing within an existing Firebase project directory

[debug] [2023-01-04T17:22:08.568Z] <<< [apiv2][status] GET https://firebase-public.firebaseio.com/cli.json 200
[debug] [2023-01-04T17:22:08.569Z] <<< [apiv2][body] GET https://firebase-public.firebaseio.com/cli.json {"cloudBuildErrorAfter":1594252800000,"cloudBuildWarnAfter":1590019200000,"defaultNode10After":1594252800000,"minVersion":"3.0.5","node8DeploysDisabledAfter":1613390400000,"node8RuntimeDisabledAfter":1615809600000,"node8WarnAfter":1600128000000}
